\BOOKMARK [0][-]{chapter.1}{\376\377\000I\000n\000t\000r\000o\000d\000u\000c\000t\000i\000o\000n}{}% 1
\BOOKMARK [0][-]{chapter.2}{\376\377\000S\000t\000a\000k\000e\000h\000o\000l\000d\000e\000r\000\040\000I\000d\000e\000n\000t\000i\000f\000i\000c\000a\000t\000i\000o\000n}{}% 2
\BOOKMARK [0][-]{chapter.3}{\376\377\000I\000m\000p\000l\000e\000m\000e\000n\000t\000a\000t\000i\000o\000n}{}% 3
\BOOKMARK [1][-]{section.3.1}{\376\377\000D\000e\000s\000c\000r\000i\000p\000t\000i\000o\000n\000\040\000o\000f\000\040\000A\000p\000p\000r\000o\000a\000c\000h}{chapter.3}% 4
\BOOKMARK [2][-]{subsection.3.1.1}{\376\377\000D\000o\000m\000a\000i\000n\000\040\000I\000d\000e\000n\000t\000i\000f\000i\000c\000a\000t\000i\000o\000n}{section.3.1}% 5
\BOOKMARK [2][-]{subsection.3.1.2}{\376\377\000F\000u\000n\000c\000t\000i\000o\000n\000a\000l\000\040\000G\000o\000a\000l\000s\000\040\000a\000n\000d\000\040\000V\000a\000l\000i\000d\000a\000t\000i\000o\000n}{section.3.1}% 6
\BOOKMARK [2][-]{subsection.3.1.3}{\376\377\000E\000t\000h\000i\000c\000a\000l\000\040\000G\000o\000a\000l\000s\000\040\000a\000n\000d\000\040\000V\000a\000l\000i\000d\000a\000t\000i\000o\000n}{section.3.1}% 7
\BOOKMARK [1][-]{section.3.2}{\376\377\000F\000o\000r\000m\000a\000l\000\040\000L\000o\000g\000i\000c\000a\000l\000\040\000C\000o\000n\000s\000t\000r\000a\000i\000n\000t\000s\000\040\000\050\0009\000\040\000C\000a\000s\000e\000s\000\051}{chapter.3}% 8
\BOOKMARK [2][-]{subsection.3.2.1}{\376\377\000G\000o\000a\000l\000\040\000F\0001\000:\000\040\000N\000e\000t\000w\000o\000r\000k\000\040\000U\000t\000i\000l\000i\000t\000y\000\040\000M\000a\000x\000i\000m\000i\000z\000a\000t\000i\000o\000n\000\040\000\050\000U\000t\000i\000l\000i\000t\000a\000r\000i\000a\000n\000i\000s\000m\000\051}{section.3.2}% 9
\BOOKMARK [2][-]{subsection.3.2.2}{\376\377\000G\000o\000a\000l\000\040\000F\0002\000:\000\040\000R\000e\000s\000o\000u\000r\000c\000e\000\040\000C\000o\000n\000s\000t\000r\000a\000i\000n\000t\000\040\000S\000a\000t\000i\000s\000f\000a\000c\000t\000i\000o\000n}{section.3.2}% 10
\BOOKMARK [2][-]{subsection.3.2.3}{\376\377\000G\000o\000a\000l\000\040\000F\0003\000:\000\040\000P\000r\000e\000d\000i\000c\000t\000a\000b\000l\000e\000\040\000S\000y\000n\000c\000h\000r\000o\000n\000i\000z\000a\000t\000i\000o\000n}{section.3.2}% 11
\BOOKMARK [2][-]{subsection.3.2.4}{\376\377\000G\000o\000a\000l\000\040\000E\0001\000:\000\040\000M\000i\000n\000i\000m\000u\000m\000\040\000S\000e\000r\000v\000i\000c\000e\000\040\000F\000l\000o\000o\000r\000\040\000\050\000C\000r\000i\000t\000i\000c\000a\000l\000\040\000R\000o\000u\000t\000e\000s\000\051}{section.3.2}% 12
\BOOKMARK [2][-]{subsection.3.2.5}{\376\377\000G\000o\000a\000l\000\040\000E\0002\000:\000\040\000D\000i\000s\000t\000r\000i\000b\000u\000t\000i\000v\000e\000\040\000J\000u\000s\000t\000i\000c\000e\000\040\000\050\000T\000r\000a\000n\000s\000i\000t\000\040\000D\000e\000s\000e\000r\000t\000s\000\051}{section.3.2}% 13
\BOOKMARK [2][-]{subsection.3.2.6}{\376\377\000G\000o\000a\000l\000\040\000E\0003\000:\000\040\000O\000p\000e\000r\000a\000t\000o\000r\000\040\000F\000a\000i\000r\000n\000e\000s\000s\000\040\000\050\000D\000e\000o\000n\000t\000o\000l\000o\000g\000y\000\051}{section.3.2}% 14
\BOOKMARK [2][-]{subsection.3.2.7}{\376\377\000G\000o\000a\000l\000\040\000E\0004\000:\000\040\000V\000i\000r\000t\000u\000e\000\040\000o\000f\000\040\000C\000a\000r\000e\000\040\000\050\000E\000x\000t\000r\000e\000m\000e\000\040\000W\000e\000a\000t\000h\000e\000r\000\051}{section.3.2}% 15
\BOOKMARK [2][-]{subsection.3.2.8}{\376\377\000G\000o\000a\000l\000\040\000E\0005\000:\000\040\000D\000r\000i\000v\000e\000r\000\040\000S\000a\000f\000e\000t\000y\000\040\000\050\000L\000e\000g\000a\000l\000i\000t\000y\000\051}{section.3.2}% 16
\BOOKMARK [2][-]{subsection.3.2.9}{\376\377\000G\000o\000a\000l\000\040\000E\0006\000:\000\040\000G\000D\000P\000R\000\040\000P\000r\000i\000v\000a\000c\000y\000\040\000\050\000A\000n\000o\000n\000y\000m\000i\000z\000a\000t\000i\000o\000n\000\051}{section.3.2}% 17
\BOOKMARK [1][-]{section.3.3}{\376\377\000P\000o\000i\000n\000t\000s\000\040\000o\000f\000\040\000C\000o\000n\000f\000l\000i\000c\000t}{chapter.3}% 18
\BOOKMARK [1][-]{section.3.4}{\376\377\000E\000v\000i\000d\000e\000n\000c\000e}{chapter.3}% 19
\BOOKMARK [2][-]{subsection.3.4.1}{\376\377\000F\000u\000n\000c\000t\000i\000o\000n\000a\000l\000\040\000a\000n\000d\000\040\000E\000t\000h\000i\000c\000a\000l\000\040\000G\000o\000a\000l\000\040\000V\000a\000l\000i\000d\000a\000t\000i\000o\000n}{section.3.4}% 20
\BOOKMARK [2][-]{subsection.3.4.2}{\376\377\000I\000d\000e\000n\000t\000i\000f\000i\000c\000a\000t\000i\000o\000n\000\040\000o\000f\000\040\000G\000o\000a\000l\000\040\000U\000n\000r\000e\000a\000c\000h\000a\000b\000i\000l\000i\000t\000y}{section.3.4}% 21
\BOOKMARK [0][-]{chapter.4}{\376\377\000C\000h\000a\000t\000G\000P\000T\000\040\000S\000a\000y\000s\000.\000.\000.}{}% 22
\BOOKMARK [0][-]{chapter.5}{\376\377\000T\000e\000a\000m\000m\000a\000t\000e\000\040\000\043\0001\000\040\000S\000a\000y\000s\000.\000.\000.}{}% 23
\BOOKMARK [0][-]{chapter.6}{\376\377\000T\000e\000a\000m\000m\000a\000t\000e\000\040\000\043\0002\000\040\000S\000a\000y\000s\000.\000.\000.}{}% 24
\BOOKMARK [0][-]{chapter.7}{\376\377\000C\000o\000n\000c\000l\000u\000s\000i\000o\000n\000s}{}% 25
